<?xml version="1.0" encoding="UTF-8"?>
<coverage generated="1693821680783" clover="3.2.0">
  <project timestamp="1693821680783" name="All files">
    <metrics statements="8" coveredstatements="8" conditionals="4" coveredconditionals="4" methods="2" coveredmethods="2" elements="14" coveredelements="14" complexity="0" loc="8" ncloc="8" packages="1" files="1" classes="1"/>
    <file name="errorHandlers.ts" path="C:\Users\josem\OneDrive\Desktop\bootcamp\FINAL PROJECT\Jose-Vera-Final-Project-back-202307-bcn\src\middlewares\errorHandlers.ts">
      <metrics statements="8" coveredstatements="8" conditionals="4" coveredconditionals="4" methods="2" coveredmethods="2"/>
      <line num="2" count="2" type="stmt"/>
      <line num="4" count="2" type="stmt"/>
      <line num="9" count="1" type="stmt"/>
      <line num="15" count="1" type="stmt"/>
      <line num="18" count="2" type="stmt"/>
      <line num="24" count="4" type="cond" truecount="2" falsecount="0"/>
      <line num="25" count="4" type="cond" truecount="2" falsecount="0"/>
      <line num="27" count="4" type="stmt"/>
    </file>
  </project>
</coverage>
