{
  "C:\\Users\\josem\\OneDrive\\Desktop\\bootcamp\\FINAL PROJECT\\Jose-Vera-Final-Project-back-202307-bcn\\src\\middlewares\\errorHandlers.ts": {
    "path": "C:\\Users\\josem\\OneDrive\\Desktop\\bootcamp\\FINAL PROJECT\\Jose-Vera-Final-Project-back-202307-bcn\\src\\middlewares\\errorHandlers.ts",
    "statementMap": {
      "0": {
        "start": { "line": 2, "column": 0 },
        "end": { "line": 2, "column": 43 }
      },
      "1": {
        "start": { "line": 4, "column": 32 },
        "end": { "line": 16, "column": 1 }
      },
      "2": {
        "start": { "line": 9, "column": 25 },
        "end": { "line": 12, "column": null }
      },
      "3": {
        "start": { "line": 15, "column": 2 },
        "end": { "line": 15, "column": 23 }
      },
      "4": {
        "start": { "line": 4, "column": 13 },
        "end": { "line": 4, "column": 32 }
      },
      "5": {
        "start": { "line": 18, "column": 35 },
        "end": { "line": 28, "column": 1 }
      },
      "6": {
        "start": { "line": 24, "column": 23 },
        "end": { "line": 24, "column": 63 }
      },
      "7": {
        "start": { "line": 25, "column": 26 },
        "end": { "line": 25, "column": 49 }
      },
      "8": {
        "start": { "line": 27, "column": 2 },
        "end": { "line": 27, "column": 60 }
      },
      "9": {
        "start": { "line": 18, "column": 13 },
        "end": { "line": 18, "column": 35 }
      }
    },
    "fnMap": {
      "0": {
        "name": "(anonymous_1)",
        "decl": {
          "start": { "line": 4, "column": 32 },
          "end": { "line": 4, "column": null }
        },
        "loc": {
          "start": { "line": 8, "column": 4 },
          "end": { "line": 16, "column": 1 }
        }
      },
      "1": {
        "name": "(anonymous_2)",
        "decl": {
          "start": { "line": 18, "column": 35 },
          "end": { "line": 18, "column": null }
        },
        "loc": {
          "start": { "line": 23, "column": 4 },
          "end": { "line": 28, "column": 1 }
        }
      }
    },
    "branchMap": {
      "0": {
        "loc": {
          "start": { "line": 24, "column": 23 },
          "end": { "line": 24, "column": 63 }
        },
        "type": "binary-expr",
        "locations": [
          {
            "start": { "line": 24, "column": 23 },
            "end": { "line": 24, "column": 36 }
          },
          {
            "start": { "line": 24, "column": 40 },
            "end": { "line": 24, "column": 63 }
          }
        ]
      },
      "1": {
        "loc": {
          "start": { "line": 25, "column": 26 },
          "end": { "line": 25, "column": 49 }
        },
        "type": "binary-expr",
        "locations": [
          {
            "start": { "line": 25, "column": 26 },
            "end": { "line": 25, "column": 42 }
          },
          {
            "start": { "line": 25, "column": 46 },
            "end": { "line": 25, "column": 49 }
          }
        ]
      }
    },
    "s": {
      "0": 2,
      "1": 2,
      "2": 1,
      "3": 1,
      "4": 2,
      "5": 2,
      "6": 4,
      "7": 4,
      "8": 4,
      "9": 2
    },
    "f": { "0": 1, "1": 4 },
    "b": { "0": [4, 2], "1": [4, 2] }
  },
  "C:\\Users\\josem\\OneDrive\\Desktop\\bootcamp\\FINAL PROJECT\\Jose-Vera-Final-Project-back-202307-bcn\\src\\server\\controllers\\pingController\\pingController.ts": {
    "path": "C:\\Users\\josem\\OneDrive\\Desktop\\bootcamp\\FINAL PROJECT\\Jose-Vera-Final-Project-back-202307-bcn\\src\\server\\controllers\\pingController\\pingController.ts",
    "statementMap": {
      "0": {
        "start": { "line": 3, "column": 30 },
        "end": { "line": 5, "column": 1 }
      },
      "1": {
        "start": { "line": 4, "column": 2 },
        "end": { "line": 4, "column": 47 }
      },
      "2": {
        "start": { "line": 3, "column": 13 },
        "end": { "line": 3, "column": 30 }
      }
    },
    "fnMap": {
      "0": {
        "name": "(anonymous_0)",
        "decl": {
          "start": { "line": 3, "column": 30 },
          "end": { "line": 3, "column": 31 }
        },
        "loc": {
          "start": { "line": 3, "column": 63 },
          "end": { "line": 5, "column": 1 }
        }
      }
    },
    "branchMap": {},
    "s": { "0": 1, "1": 2, "2": 1 },
    "f": { "0": 2 },
    "b": {}
  }
}
